Using TensorFlow backend.
2018-03-02 14:55:54.787898: I tensorflow/core/platform/cpu_feature_guard.cc:137] Your CPU supports instructions that this TensorFlow binary was not compiled to use: SSE4.1 SSE4.2 AVX AVX2 FMA
2018-03-02 14:55:56.020282: I tensorflow/core/common_runtime/gpu/gpu_device.cc:1030] Found device 0 with properties: 
name: Tesla V100-SXM2-16GB major: 7 minor: 0 memoryClockRate(GHz): 1.53
pciBusID: 0000:89:00.0
totalMemory: 15.77GiB freeMemory: 15.36GiB
2018-03-02 14:55:56.020373: I tensorflow/core/common_runtime/gpu/gpu_device.cc:1120] Creating TensorFlow device (/device:GPU:0) -> (device: 0, name: Tesla V100-SXM2-16GB, pci bus id: 0000:89:00.0, compute capability: 7.0)
2018-03-02 14:59:21.895471: I tensorflow/core/common_runtime/gpu/gpu_device.cc:1120] Creating TensorFlow device (/device:GPU:0) -> (device: 0, name: Tesla V100-SXM2-16GB, pci bus id: 0000:89:00.0, compute capability: 7.0)
2018-03-02 15:00:49.871384: I tensorflow/core/common_runtime/gpu/gpu_device.cc:1120] Creating TensorFlow device (/device:GPU:0) -> (device: 0, name: Tesla V100-SXM2-16GB, pci bus id: 0000:89:00.0, compute capability: 7.0)
2018-03-02 15:02:19.094041: I tensorflow/core/common_runtime/gpu/gpu_device.cc:1120] Creating TensorFlow device (/device:GPU:0) -> (device: 0, name: Tesla V100-SXM2-16GB, pci bus id: 0000:89:00.0, compute capability: 7.0)
2018-03-02 15:03:48.655910: I tensorflow/core/common_runtime/gpu/gpu_device.cc:1120] Creating TensorFlow device (/device:GPU:0) -> (device: 0, name: Tesla V100-SXM2-16GB, pci bus id: 0000:89:00.0, compute capability: 7.0)
2018-03-02 15:05:17.032185: I tensorflow/core/common_runtime/gpu/gpu_device.cc:1120] Creating TensorFlow device (/device:GPU:0) -> (device: 0, name: Tesla V100-SXM2-16GB, pci bus id: 0000:89:00.0, compute capability: 7.0)
2018-03-02 15:06:49.017171: I tensorflow/core/common_runtime/gpu/gpu_device.cc:1120] Creating TensorFlow device (/device:GPU:0) -> (device: 0, name: Tesla V100-SXM2-16GB, pci bus id: 0000:89:00.0, compute capability: 7.0)
2018-03-02 15:08:17.887127: I tensorflow/core/common_runtime/gpu/gpu_device.cc:1120] Creating TensorFlow device (/device:GPU:0) -> (device: 0, name: Tesla V100-SXM2-16GB, pci bus id: 0000:89:00.0, compute capability: 7.0)
2018-03-02 15:09:52.387664: I tensorflow/core/common_runtime/gpu/gpu_device.cc:1120] Creating TensorFlow device (/device:GPU:0) -> (device: 0, name: Tesla V100-SXM2-16GB, pci bus id: 0000:89:00.0, compute capability: 7.0)
2018-03-02 15:11:22.786547: I tensorflow/core/common_runtime/gpu/gpu_device.cc:1120] Creating TensorFlow device (/device:GPU:0) -> (device: 0, name: Tesla V100-SXM2-16GB, pci bus id: 0000:89:00.0, compute capability: 7.0)
2018-03-02 15:12:53.727297: I tensorflow/core/common_runtime/gpu/gpu_device.cc:1120] Creating TensorFlow device (/device:GPU:0) -> (device: 0, name: Tesla V100-SXM2-16GB, pci bus id: 0000:89:00.0, compute capability: 7.0)
2018-03-02 15:14:25.685396: I tensorflow/core/common_runtime/gpu/gpu_device.cc:1120] Creating TensorFlow device (/device:GPU:0) -> (device: 0, name: Tesla V100-SXM2-16GB, pci bus id: 0000:89:00.0, compute capability: 7.0)
2018-03-02 15:15:57.325877: I tensorflow/core/common_runtime/gpu/gpu_device.cc:1120] Creating TensorFlow device (/device:GPU:0) -> (device: 0, name: Tesla V100-SXM2-16GB, pci bus id: 0000:89:00.0, compute capability: 7.0)
2018-03-02 15:17:28.775050: I tensorflow/core/common_runtime/gpu/gpu_device.cc:1120] Creating TensorFlow device (/device:GPU:0) -> (device: 0, name: Tesla V100-SXM2-16GB, pci bus id: 0000:89:00.0, compute capability: 7.0)
2018-03-02 15:18:59.818384: I tensorflow/core/common_runtime/gpu/gpu_device.cc:1120] Creating TensorFlow device (/device:GPU:0) -> (device: 0, name: Tesla V100-SXM2-16GB, pci bus id: 0000:89:00.0, compute capability: 7.0)
2018-03-02 15:20:28.278558: I tensorflow/core/common_runtime/gpu/gpu_device.cc:1120] Creating TensorFlow device (/device:GPU:0) -> (device: 0, name: Tesla V100-SXM2-16GB, pci bus id: 0000:89:00.0, compute capability: 7.0)
2018-03-02 15:22:00.309035: I tensorflow/core/common_runtime/gpu/gpu_device.cc:1120] Creating TensorFlow device (/device:GPU:0) -> (device: 0, name: Tesla V100-SXM2-16GB, pci bus id: 0000:89:00.0, compute capability: 7.0)
2018-03-02 15:23:31.881378: I tensorflow/core/common_runtime/gpu/gpu_device.cc:1120] Creating TensorFlow device (/device:GPU:0) -> (device: 0, name: Tesla V100-SXM2-16GB, pci bus id: 0000:89:00.0, compute capability: 7.0)
2018-03-02 15:25:05.150903: I tensorflow/core/common_runtime/gpu/gpu_device.cc:1120] Creating TensorFlow device (/device:GPU:0) -> (device: 0, name: Tesla V100-SXM2-16GB, pci bus id: 0000:89:00.0, compute capability: 7.0)
2018-03-02 15:26:33.701059: I tensorflow/core/common_runtime/gpu/gpu_device.cc:1120] Creating TensorFlow device (/device:GPU:0) -> (device: 0, name: Tesla V100-SXM2-16GB, pci bus id: 0000:89:00.0, compute capability: 7.0)
2018-03-02 15:28:04.459488: I tensorflow/core/common_runtime/gpu/gpu_device.cc:1120] Creating TensorFlow device (/device:GPU:0) -> (device: 0, name: Tesla V100-SXM2-16GB, pci bus id: 0000:89:00.0, compute capability: 7.0)
2018-03-02 15:29:34.465622: I tensorflow/core/common_runtime/gpu/gpu_device.cc:1120] Creating TensorFlow device (/device:GPU:0) -> (device: 0, name: Tesla V100-SXM2-16GB, pci bus id: 0000:89:00.0, compute capability: 7.0)
2018-03-02 15:31:04.989044: I tensorflow/core/common_runtime/gpu/gpu_device.cc:1120] Creating TensorFlow device (/device:GPU:0) -> (device: 0, name: Tesla V100-SXM2-16GB, pci bus id: 0000:89:00.0, compute capability: 7.0)
2018-03-02 15:32:36.728820: I tensorflow/core/common_runtime/gpu/gpu_device.cc:1120] Creating TensorFlow device (/device:GPU:0) -> (device: 0, name: Tesla V100-SXM2-16GB, pci bus id: 0000:89:00.0, compute capability: 7.0)
2018-03-02 15:34:06.313784: I tensorflow/core/common_runtime/gpu/gpu_device.cc:1120] Creating TensorFlow device (/device:GPU:0) -> (device: 0, name: Tesla V100-SXM2-16GB, pci bus id: 0000:89:00.0, compute capability: 7.0)
2018-03-02 15:35:37.546371: I tensorflow/core/common_runtime/gpu/gpu_device.cc:1120] Creating TensorFlow device (/device:GPU:0) -> (device: 0, name: Tesla V100-SXM2-16GB, pci bus id: 0000:89:00.0, compute capability: 7.0)
2018-03-02 15:37:05.929152: I tensorflow/core/common_runtime/gpu/gpu_device.cc:1120] Creating TensorFlow device (/device:GPU:0) -> (device: 0, name: Tesla V100-SXM2-16GB, pci bus id: 0000:89:00.0, compute capability: 7.0)
2018-03-02 15:38:39.565410: I tensorflow/core/common_runtime/gpu/gpu_device.cc:1120] Creating TensorFlow device (/device:GPU:0) -> (device: 0, name: Tesla V100-SXM2-16GB, pci bus id: 0000:89:00.0, compute capability: 7.0)
2018-03-02 15:40:13.338614: I tensorflow/core/common_runtime/gpu/gpu_device.cc:1120] Creating TensorFlow device (/device:GPU:0) -> (device: 0, name: Tesla V100-SXM2-16GB, pci bus id: 0000:89:00.0, compute capability: 7.0)
2018-03-02 15:41:44.885753: I tensorflow/core/common_runtime/gpu/gpu_device.cc:1120] Creating TensorFlow device (/device:GPU:0) -> (device: 0, name: Tesla V100-SXM2-16GB, pci bus id: 0000:89:00.0, compute capability: 7.0)
2018-03-02 15:57:23.649234: I tensorflow/core/common_runtime/gpu/gpu_device.cc:1120] Creating TensorFlow device (/device:GPU:0) -> (device: 0, name: Tesla V100-SXM2-16GB, pci bus id: 0000:89:00.0, compute capability: 7.0)
2018-03-02 15:58:53.296279: I tensorflow/core/common_runtime/gpu/gpu_device.cc:1120] Creating TensorFlow device (/device:GPU:0) -> (device: 0, name: Tesla V100-SXM2-16GB, pci bus id: 0000:89:00.0, compute capability: 7.0)
2018-03-02 16:01:46.859893: I tensorflow/core/common_runtime/gpu/gpu_device.cc:1120] Creating TensorFlow device (/device:GPU:0) -> (device: 0, name: Tesla V100-SXM2-16GB, pci bus id: 0000:89:00.0, compute capability: 7.0)
2018-03-02 16:03:15.943124: I tensorflow/core/common_runtime/gpu/gpu_device.cc:1120] Creating TensorFlow device (/device:GPU:0) -> (device: 0, name: Tesla V100-SXM2-16GB, pci bus id: 0000:89:00.0, compute capability: 7.0)
2018-03-02 16:04:48.122413: I tensorflow/core/common_runtime/gpu/gpu_device.cc:1120] Creating TensorFlow device (/device:GPU:0) -> (device: 0, name: Tesla V100-SXM2-16GB, pci bus id: 0000:89:00.0, compute capability: 7.0)
2018-03-02 16:06:16.212501: I tensorflow/core/common_runtime/gpu/gpu_device.cc:1120] Creating TensorFlow device (/device:GPU:0) -> (device: 0, name: Tesla V100-SXM2-16GB, pci bus id: 0000:89:00.0, compute capability: 7.0)
2018-03-02 16:07:44.786245: I tensorflow/core/common_runtime/gpu/gpu_device.cc:1120] Creating TensorFlow device (/device:GPU:0) -> (device: 0, name: Tesla V100-SXM2-16GB, pci bus id: 0000:89:00.0, compute capability: 7.0)
2018-03-02 16:09:12.877658: I tensorflow/core/common_runtime/gpu/gpu_device.cc:1120] Creating TensorFlow device (/device:GPU:0) -> (device: 0, name: Tesla V100-SXM2-16GB, pci bus id: 0000:89:00.0, compute capability: 7.0)
2018-03-02 16:10:40.036227: I tensorflow/core/common_runtime/gpu/gpu_device.cc:1120] Creating TensorFlow device (/device:GPU:0) -> (device: 0, name: Tesla V100-SXM2-16GB, pci bus id: 0000:89:00.0, compute capability: 7.0)
2018-03-02 16:12:07.010440: I tensorflow/core/common_runtime/gpu/gpu_device.cc:1120] Creating TensorFlow device (/device:GPU:0) -> (device: 0, name: Tesla V100-SXM2-16GB, pci bus id: 0000:89:00.0, compute capability: 7.0)
