Using TensorFlow backend.
2018-03-02 22:40:17.441115: I tensorflow/core/platform/cpu_feature_guard.cc:137] Your CPU supports instructions that this TensorFlow binary was not compiled to use: SSE4.1 SSE4.2 AVX AVX2 FMA
2018-03-02 22:40:18.209537: I tensorflow/core/common_runtime/gpu/gpu_device.cc:1030] Found device 0 with properties: 
name: Tesla V100-SXM2-16GB major: 7 minor: 0 memoryClockRate(GHz): 1.53
pciBusID: 0000:89:00.0
totalMemory: 15.77GiB freeMemory: 15.36GiB
2018-03-02 22:40:18.209565: I tensorflow/core/common_runtime/gpu/gpu_device.cc:1120] Creating TensorFlow device (/device:GPU:0) -> (device: 0, name: Tesla V100-SXM2-16GB, pci bus id: 0000:89:00.0, compute capability: 7.0)
2018-03-02 22:42:32.709111: I tensorflow/core/common_runtime/gpu/gpu_device.cc:1120] Creating TensorFlow device (/device:GPU:0) -> (device: 0, name: Tesla V100-SXM2-16GB, pci bus id: 0000:89:00.0, compute capability: 7.0)
2018-03-02 22:44:18.710990: I tensorflow/core/common_runtime/gpu/gpu_device.cc:1120] Creating TensorFlow device (/device:GPU:0) -> (device: 0, name: Tesla V100-SXM2-16GB, pci bus id: 0000:89:00.0, compute capability: 7.0)
2018-03-02 22:46:08.670077: I tensorflow/core/common_runtime/gpu/gpu_device.cc:1120] Creating TensorFlow device (/device:GPU:0) -> (device: 0, name: Tesla V100-SXM2-16GB, pci bus id: 0000:89:00.0, compute capability: 7.0)
2018-03-02 22:47:54.445913: I tensorflow/core/common_runtime/gpu/gpu_device.cc:1120] Creating TensorFlow device (/device:GPU:0) -> (device: 0, name: Tesla V100-SXM2-16GB, pci bus id: 0000:89:00.0, compute capability: 7.0)
2018-03-02 22:49:41.017116: I tensorflow/core/common_runtime/gpu/gpu_device.cc:1120] Creating TensorFlow device (/device:GPU:0) -> (device: 0, name: Tesla V100-SXM2-16GB, pci bus id: 0000:89:00.0, compute capability: 7.0)
2018-03-02 22:51:28.749301: I tensorflow/core/common_runtime/gpu/gpu_device.cc:1120] Creating TensorFlow device (/device:GPU:0) -> (device: 0, name: Tesla V100-SXM2-16GB, pci bus id: 0000:89:00.0, compute capability: 7.0)
2018-03-02 22:53:12.589638: I tensorflow/core/common_runtime/gpu/gpu_device.cc:1120] Creating TensorFlow device (/device:GPU:0) -> (device: 0, name: Tesla V100-SXM2-16GB, pci bus id: 0000:89:00.0, compute capability: 7.0)
2018-03-02 22:54:58.472335: I tensorflow/core/common_runtime/gpu/gpu_device.cc:1120] Creating TensorFlow device (/device:GPU:0) -> (device: 0, name: Tesla V100-SXM2-16GB, pci bus id: 0000:89:00.0, compute capability: 7.0)
2018-03-02 22:56:43.102114: I tensorflow/core/common_runtime/gpu/gpu_device.cc:1120] Creating TensorFlow device (/device:GPU:0) -> (device: 0, name: Tesla V100-SXM2-16GB, pci bus id: 0000:89:00.0, compute capability: 7.0)
2018-03-02 22:58:27.335539: I tensorflow/core/common_runtime/gpu/gpu_device.cc:1120] Creating TensorFlow device (/device:GPU:0) -> (device: 0, name: Tesla V100-SXM2-16GB, pci bus id: 0000:89:00.0, compute capability: 7.0)
2018-03-02 23:00:13.634268: I tensorflow/core/common_runtime/gpu/gpu_device.cc:1120] Creating TensorFlow device (/device:GPU:0) -> (device: 0, name: Tesla V100-SXM2-16GB, pci bus id: 0000:89:00.0, compute capability: 7.0)
2018-03-02 23:02:00.386280: I tensorflow/core/common_runtime/gpu/gpu_device.cc:1120] Creating TensorFlow device (/device:GPU:0) -> (device: 0, name: Tesla V100-SXM2-16GB, pci bus id: 0000:89:00.0, compute capability: 7.0)
2018-03-02 23:03:44.925374: I tensorflow/core/common_runtime/gpu/gpu_device.cc:1120] Creating TensorFlow device (/device:GPU:0) -> (device: 0, name: Tesla V100-SXM2-16GB, pci bus id: 0000:89:00.0, compute capability: 7.0)
2018-03-02 23:05:31.021857: I tensorflow/core/common_runtime/gpu/gpu_device.cc:1120] Creating TensorFlow device (/device:GPU:0) -> (device: 0, name: Tesla V100-SXM2-16GB, pci bus id: 0000:89:00.0, compute capability: 7.0)
2018-03-02 23:07:13.999328: I tensorflow/core/common_runtime/gpu/gpu_device.cc:1120] Creating TensorFlow device (/device:GPU:0) -> (device: 0, name: Tesla V100-SXM2-16GB, pci bus id: 0000:89:00.0, compute capability: 7.0)
2018-03-02 23:08:57.216032: I tensorflow/core/common_runtime/gpu/gpu_device.cc:1120] Creating TensorFlow device (/device:GPU:0) -> (device: 0, name: Tesla V100-SXM2-16GB, pci bus id: 0000:89:00.0, compute capability: 7.0)
2018-03-02 23:10:48.937444: I tensorflow/core/common_runtime/gpu/gpu_device.cc:1120] Creating TensorFlow device (/device:GPU:0) -> (device: 0, name: Tesla V100-SXM2-16GB, pci bus id: 0000:89:00.0, compute capability: 7.0)
2018-03-02 23:12:34.583763: I tensorflow/core/common_runtime/gpu/gpu_device.cc:1120] Creating TensorFlow device (/device:GPU:0) -> (device: 0, name: Tesla V100-SXM2-16GB, pci bus id: 0000:89:00.0, compute capability: 7.0)
2018-03-02 23:14:24.925338: I tensorflow/core/common_runtime/gpu/gpu_device.cc:1120] Creating TensorFlow device (/device:GPU:0) -> (device: 0, name: Tesla V100-SXM2-16GB, pci bus id: 0000:89:00.0, compute capability: 7.0)
2018-03-02 23:16:16.863338: I tensorflow/core/common_runtime/gpu/gpu_device.cc:1120] Creating TensorFlow device (/device:GPU:0) -> (device: 0, name: Tesla V100-SXM2-16GB, pci bus id: 0000:89:00.0, compute capability: 7.0)
2018-03-02 23:18:09.239358: I tensorflow/core/common_runtime/gpu/gpu_device.cc:1120] Creating TensorFlow device (/device:GPU:0) -> (device: 0, name: Tesla V100-SXM2-16GB, pci bus id: 0000:89:00.0, compute capability: 7.0)
2018-03-02 23:20:04.993347: I tensorflow/core/common_runtime/gpu/gpu_device.cc:1120] Creating TensorFlow device (/device:GPU:0) -> (device: 0, name: Tesla V100-SXM2-16GB, pci bus id: 0000:89:00.0, compute capability: 7.0)
2018-03-02 23:21:57.346476: I tensorflow/core/common_runtime/gpu/gpu_device.cc:1120] Creating TensorFlow device (/device:GPU:0) -> (device: 0, name: Tesla V100-SXM2-16GB, pci bus id: 0000:89:00.0, compute capability: 7.0)
2018-03-02 23:23:50.786762: I tensorflow/core/common_runtime/gpu/gpu_device.cc:1120] Creating TensorFlow device (/device:GPU:0) -> (device: 0, name: Tesla V100-SXM2-16GB, pci bus id: 0000:89:00.0, compute capability: 7.0)
2018-03-02 23:25:42.032030: I tensorflow/core/common_runtime/gpu/gpu_device.cc:1120] Creating TensorFlow device (/device:GPU:0) -> (device: 0, name: Tesla V100-SXM2-16GB, pci bus id: 0000:89:00.0, compute capability: 7.0)
2018-03-02 23:27:44.445010: I tensorflow/core/common_runtime/gpu/gpu_device.cc:1120] Creating TensorFlow device (/device:GPU:0) -> (device: 0, name: Tesla V100-SXM2-16GB, pci bus id: 0000:89:00.0, compute capability: 7.0)
2018-03-02 23:29:35.601817: I tensorflow/core/common_runtime/gpu/gpu_device.cc:1120] Creating TensorFlow device (/device:GPU:0) -> (device: 0, name: Tesla V100-SXM2-16GB, pci bus id: 0000:89:00.0, compute capability: 7.0)
2018-03-02 23:31:29.538940: I tensorflow/core/common_runtime/gpu/gpu_device.cc:1120] Creating TensorFlow device (/device:GPU:0) -> (device: 0, name: Tesla V100-SXM2-16GB, pci bus id: 0000:89:00.0, compute capability: 7.0)
2018-03-02 23:33:21.046041: I tensorflow/core/common_runtime/gpu/gpu_device.cc:1120] Creating TensorFlow device (/device:GPU:0) -> (device: 0, name: Tesla V100-SXM2-16GB, pci bus id: 0000:89:00.0, compute capability: 7.0)
2018-03-02 23:35:12.414394: I tensorflow/core/common_runtime/gpu/gpu_device.cc:1120] Creating TensorFlow device (/device:GPU:0) -> (device: 0, name: Tesla V100-SXM2-16GB, pci bus id: 0000:89:00.0, compute capability: 7.0)
2018-03-02 23:37:02.825065: I tensorflow/core/common_runtime/gpu/gpu_device.cc:1120] Creating TensorFlow device (/device:GPU:0) -> (device: 0, name: Tesla V100-SXM2-16GB, pci bus id: 0000:89:00.0, compute capability: 7.0)
2018-03-02 23:38:54.682507: I tensorflow/core/common_runtime/gpu/gpu_device.cc:1120] Creating TensorFlow device (/device:GPU:0) -> (device: 0, name: Tesla V100-SXM2-16GB, pci bus id: 0000:89:00.0, compute capability: 7.0)
2018-03-02 23:40:46.864773: I tensorflow/core/common_runtime/gpu/gpu_device.cc:1120] Creating TensorFlow device (/device:GPU:0) -> (device: 0, name: Tesla V100-SXM2-16GB, pci bus id: 0000:89:00.0, compute capability: 7.0)
2018-03-02 23:42:36.745102: I tensorflow/core/common_runtime/gpu/gpu_device.cc:1120] Creating TensorFlow device (/device:GPU:0) -> (device: 0, name: Tesla V100-SXM2-16GB, pci bus id: 0000:89:00.0, compute capability: 7.0)
2018-03-02 23:44:29.331588: I tensorflow/core/common_runtime/gpu/gpu_device.cc:1120] Creating TensorFlow device (/device:GPU:0) -> (device: 0, name: Tesla V100-SXM2-16GB, pci bus id: 0000:89:00.0, compute capability: 7.0)
2018-03-02 23:48:59.328896: I tensorflow/core/common_runtime/gpu/gpu_device.cc:1120] Creating TensorFlow device (/device:GPU:0) -> (device: 0, name: Tesla V100-SXM2-16GB, pci bus id: 0000:89:00.0, compute capability: 7.0)
2018-03-02 23:50:46.711954: I tensorflow/core/common_runtime/gpu/gpu_device.cc:1120] Creating TensorFlow device (/device:GPU:0) -> (device: 0, name: Tesla V100-SXM2-16GB, pci bus id: 0000:89:00.0, compute capability: 7.0)
2018-03-02 23:52:29.128319: I tensorflow/core/common_runtime/gpu/gpu_device.cc:1120] Creating TensorFlow device (/device:GPU:0) -> (device: 0, name: Tesla V100-SXM2-16GB, pci bus id: 0000:89:00.0, compute capability: 7.0)
2018-03-02 23:54:13.875509: I tensorflow/core/common_runtime/gpu/gpu_device.cc:1120] Creating TensorFlow device (/device:GPU:0) -> (device: 0, name: Tesla V100-SXM2-16GB, pci bus id: 0000:89:00.0, compute capability: 7.0)
