Using TensorFlow backend.
2018-03-02 14:47:59.365373: I tensorflow/core/platform/cpu_feature_guard.cc:137] Your CPU supports instructions that this TensorFlow binary was not compiled to use: SSE4.1 SSE4.2 AVX AVX2 FMA
2018-03-02 14:48:00.072147: I tensorflow/core/common_runtime/gpu/gpu_device.cc:1030] Found device 0 with properties: 
name: Tesla V100-SXM2-16GB major: 7 minor: 0 memoryClockRate(GHz): 1.53
pciBusID: 0000:06:00.0
totalMemory: 15.77GiB freeMemory: 15.36GiB
2018-03-02 14:48:00.072184: I tensorflow/core/common_runtime/gpu/gpu_device.cc:1120] Creating TensorFlow device (/device:GPU:0) -> (device: 0, name: Tesla V100-SXM2-16GB, pci bus id: 0000:06:00.0, compute capability: 7.0)
2018-03-02 15:00:14.862325: I tensorflow/core/common_runtime/gpu/gpu_device.cc:1120] Creating TensorFlow device (/device:GPU:0) -> (device: 0, name: Tesla V100-SXM2-16GB, pci bus id: 0000:06:00.0, compute capability: 7.0)
2018-03-02 15:03:47.043613: I tensorflow/core/common_runtime/gpu/gpu_device.cc:1120] Creating TensorFlow device (/device:GPU:0) -> (device: 0, name: Tesla V100-SXM2-16GB, pci bus id: 0000:06:00.0, compute capability: 7.0)
2018-03-02 15:07:15.213807: I tensorflow/core/common_runtime/gpu/gpu_device.cc:1120] Creating TensorFlow device (/device:GPU:0) -> (device: 0, name: Tesla V100-SXM2-16GB, pci bus id: 0000:06:00.0, compute capability: 7.0)
2018-03-02 15:10:47.447198: I tensorflow/core/common_runtime/gpu/gpu_device.cc:1120] Creating TensorFlow device (/device:GPU:0) -> (device: 0, name: Tesla V100-SXM2-16GB, pci bus id: 0000:06:00.0, compute capability: 7.0)
2018-03-02 15:14:18.228713: I tensorflow/core/common_runtime/gpu/gpu_device.cc:1120] Creating TensorFlow device (/device:GPU:0) -> (device: 0, name: Tesla V100-SXM2-16GB, pci bus id: 0000:06:00.0, compute capability: 7.0)
2018-03-02 15:17:51.917245: I tensorflow/core/common_runtime/gpu/gpu_device.cc:1120] Creating TensorFlow device (/device:GPU:0) -> (device: 0, name: Tesla V100-SXM2-16GB, pci bus id: 0000:06:00.0, compute capability: 7.0)
2018-03-02 15:21:23.758960: I tensorflow/core/common_runtime/gpu/gpu_device.cc:1120] Creating TensorFlow device (/device:GPU:0) -> (device: 0, name: Tesla V100-SXM2-16GB, pci bus id: 0000:06:00.0, compute capability: 7.0)
2018-03-02 15:24:51.403317: I tensorflow/core/common_runtime/gpu/gpu_device.cc:1120] Creating TensorFlow device (/device:GPU:0) -> (device: 0, name: Tesla V100-SXM2-16GB, pci bus id: 0000:06:00.0, compute capability: 7.0)
2018-03-02 15:28:20.730288: I tensorflow/core/common_runtime/gpu/gpu_device.cc:1120] Creating TensorFlow device (/device:GPU:0) -> (device: 0, name: Tesla V100-SXM2-16GB, pci bus id: 0000:06:00.0, compute capability: 7.0)
2018-03-02 15:31:42.277890: I tensorflow/core/common_runtime/gpu/gpu_device.cc:1120] Creating TensorFlow device (/device:GPU:0) -> (device: 0, name: Tesla V100-SXM2-16GB, pci bus id: 0000:06:00.0, compute capability: 7.0)
2018-03-02 15:35:08.797746: I tensorflow/core/common_runtime/gpu/gpu_device.cc:1120] Creating TensorFlow device (/device:GPU:0) -> (device: 0, name: Tesla V100-SXM2-16GB, pci bus id: 0000:06:00.0, compute capability: 7.0)
2018-03-02 15:38:32.470688: I tensorflow/core/common_runtime/gpu/gpu_device.cc:1120] Creating TensorFlow device (/device:GPU:0) -> (device: 0, name: Tesla V100-SXM2-16GB, pci bus id: 0000:06:00.0, compute capability: 7.0)
2018-03-02 15:41:58.972604: I tensorflow/core/common_runtime/gpu/gpu_device.cc:1120] Creating TensorFlow device (/device:GPU:0) -> (device: 0, name: Tesla V100-SXM2-16GB, pci bus id: 0000:06:00.0, compute capability: 7.0)
2018-03-02 15:57:07.629002: I tensorflow/core/common_runtime/gpu/gpu_device.cc:1120] Creating TensorFlow device (/device:GPU:0) -> (device: 0, name: Tesla V100-SXM2-16GB, pci bus id: 0000:06:00.0, compute capability: 7.0)
2018-03-02 16:00:42.360676: I tensorflow/core/common_runtime/gpu/gpu_device.cc:1120] Creating TensorFlow device (/device:GPU:0) -> (device: 0, name: Tesla V100-SXM2-16GB, pci bus id: 0000:06:00.0, compute capability: 7.0)
2018-03-02 16:04:15.103630: I tensorflow/core/common_runtime/gpu/gpu_device.cc:1120] Creating TensorFlow device (/device:GPU:0) -> (device: 0, name: Tesla V100-SXM2-16GB, pci bus id: 0000:06:00.0, compute capability: 7.0)
2018-03-02 16:07:31.771221: I tensorflow/core/common_runtime/gpu/gpu_device.cc:1120] Creating TensorFlow device (/device:GPU:0) -> (device: 0, name: Tesla V100-SXM2-16GB, pci bus id: 0000:06:00.0, compute capability: 7.0)
2018-03-02 16:19:05.575131: I tensorflow/core/common_runtime/gpu/gpu_device.cc:1120] Creating TensorFlow device (/device:GPU:0) -> (device: 0, name: Tesla V100-SXM2-16GB, pci bus id: 0000:06:00.0, compute capability: 7.0)
2018-03-02 16:22:32.605889: I tensorflow/core/common_runtime/gpu/gpu_device.cc:1120] Creating TensorFlow device (/device:GPU:0) -> (device: 0, name: Tesla V100-SXM2-16GB, pci bus id: 0000:06:00.0, compute capability: 7.0)
2018-03-02 16:25:54.291551: I tensorflow/core/common_runtime/gpu/gpu_device.cc:1120] Creating TensorFlow device (/device:GPU:0) -> (device: 0, name: Tesla V100-SXM2-16GB, pci bus id: 0000:06:00.0, compute capability: 7.0)
2018-03-02 16:29:15.998653: I tensorflow/core/common_runtime/gpu/gpu_device.cc:1120] Creating TensorFlow device (/device:GPU:0) -> (device: 0, name: Tesla V100-SXM2-16GB, pci bus id: 0000:06:00.0, compute capability: 7.0)
2018-03-02 16:32:39.651860: I tensorflow/core/common_runtime/gpu/gpu_device.cc:1120] Creating TensorFlow device (/device:GPU:0) -> (device: 0, name: Tesla V100-SXM2-16GB, pci bus id: 0000:06:00.0, compute capability: 7.0)
2018-03-02 16:36:09.546108: I tensorflow/core/common_runtime/gpu/gpu_device.cc:1120] Creating TensorFlow device (/device:GPU:0) -> (device: 0, name: Tesla V100-SXM2-16GB, pci bus id: 0000:06:00.0, compute capability: 7.0)
2018-03-02 16:39:28.194076: I tensorflow/core/common_runtime/gpu/gpu_device.cc:1120] Creating TensorFlow device (/device:GPU:0) -> (device: 0, name: Tesla V100-SXM2-16GB, pci bus id: 0000:06:00.0, compute capability: 7.0)
2018-03-02 16:42:51.911681: I tensorflow/core/common_runtime/gpu/gpu_device.cc:1120] Creating TensorFlow device (/device:GPU:0) -> (device: 0, name: Tesla V100-SXM2-16GB, pci bus id: 0000:06:00.0, compute capability: 7.0)
2018-03-02 16:46:20.262305: I tensorflow/core/common_runtime/gpu/gpu_device.cc:1120] Creating TensorFlow device (/device:GPU:0) -> (device: 0, name: Tesla V100-SXM2-16GB, pci bus id: 0000:06:00.0, compute capability: 7.0)
2018-03-02 16:49:43.740466: I tensorflow/core/common_runtime/gpu/gpu_device.cc:1120] Creating TensorFlow device (/device:GPU:0) -> (device: 0, name: Tesla V100-SXM2-16GB, pci bus id: 0000:06:00.0, compute capability: 7.0)
2018-03-02 16:53:07.767993: I tensorflow/core/common_runtime/gpu/gpu_device.cc:1120] Creating TensorFlow device (/device:GPU:0) -> (device: 0, name: Tesla V100-SXM2-16GB, pci bus id: 0000:06:00.0, compute capability: 7.0)
2018-03-02 16:56:41.747251: I tensorflow/core/common_runtime/gpu/gpu_device.cc:1120] Creating TensorFlow device (/device:GPU:0) -> (device: 0, name: Tesla V100-SXM2-16GB, pci bus id: 0000:06:00.0, compute capability: 7.0)
2018-03-02 17:00:02.155949: I tensorflow/core/common_runtime/gpu/gpu_device.cc:1120] Creating TensorFlow device (/device:GPU:0) -> (device: 0, name: Tesla V100-SXM2-16GB, pci bus id: 0000:06:00.0, compute capability: 7.0)
2018-03-02 17:03:27.737863: I tensorflow/core/common_runtime/gpu/gpu_device.cc:1120] Creating TensorFlow device (/device:GPU:0) -> (device: 0, name: Tesla V100-SXM2-16GB, pci bus id: 0000:06:00.0, compute capability: 7.0)
2018-03-02 17:06:46.818465: I tensorflow/core/common_runtime/gpu/gpu_device.cc:1120] Creating TensorFlow device (/device:GPU:0) -> (device: 0, name: Tesla V100-SXM2-16GB, pci bus id: 0000:06:00.0, compute capability: 7.0)
2018-03-02 17:10:10.011235: I tensorflow/core/common_runtime/gpu/gpu_device.cc:1120] Creating TensorFlow device (/device:GPU:0) -> (device: 0, name: Tesla V100-SXM2-16GB, pci bus id: 0000:06:00.0, compute capability: 7.0)
2018-03-02 17:13:35.112604: I tensorflow/core/common_runtime/gpu/gpu_device.cc:1120] Creating TensorFlow device (/device:GPU:0) -> (device: 0, name: Tesla V100-SXM2-16GB, pci bus id: 0000:06:00.0, compute capability: 7.0)
2018-03-02 17:27:22.964725: I tensorflow/core/common_runtime/gpu/gpu_device.cc:1120] Creating TensorFlow device (/device:GPU:0) -> (device: 0, name: Tesla V100-SXM2-16GB, pci bus id: 0000:06:00.0, compute capability: 7.0)
2018-03-02 17:30:43.836511: I tensorflow/core/common_runtime/gpu/gpu_device.cc:1120] Creating TensorFlow device (/device:GPU:0) -> (device: 0, name: Tesla V100-SXM2-16GB, pci bus id: 0000:06:00.0, compute capability: 7.0)
2018-03-02 17:34:08.601552: I tensorflow/core/common_runtime/gpu/gpu_device.cc:1120] Creating TensorFlow device (/device:GPU:0) -> (device: 0, name: Tesla V100-SXM2-16GB, pci bus id: 0000:06:00.0, compute capability: 7.0)
2018-03-02 17:37:37.064026: I tensorflow/core/common_runtime/gpu/gpu_device.cc:1120] Creating TensorFlow device (/device:GPU:0) -> (device: 0, name: Tesla V100-SXM2-16GB, pci bus id: 0000:06:00.0, compute capability: 7.0)
2018-03-02 17:40:58.085692: I tensorflow/core/common_runtime/gpu/gpu_device.cc:1120] Creating TensorFlow device (/device:GPU:0) -> (device: 0, name: Tesla V100-SXM2-16GB, pci bus id: 0000:06:00.0, compute capability: 7.0)
