Running Figure1_Position_Common_Scale on dataset 1 with RF_Image
Prediction done!
Created stats..
Stored /n/regal/pfister_lab/PERCEPTION/RESULTS_NEW/Figure1_Position_Common_Scale/1/RF_Image/10_10_4_0_results.p
...and /n/regal/pfister_lab/PERCEPTION/RESULTS_NEW/Figure1_Position_Common_Scale/1/RF_Image/10_10_4_0_mlp.hdf5
Freeing memory..
Prediction done!
Created stats..
Stored /n/regal/pfister_lab/PERCEPTION/RESULTS_NEW/Figure1_Position_Common_Scale/1/RF_Image/10_10_4_1_results.p
...and /n/regal/pfister_lab/PERCEPTION/RESULTS_NEW/Figure1_Position_Common_Scale/1/RF_Image/10_10_4_1_mlp.hdf5
Freeing memory..
Prediction done!
Created stats..
Stored /n/regal/pfister_lab/PERCEPTION/RESULTS_NEW/Figure1_Position_Common_Scale/1/RF_Image/10_10_4_2_results.p
...and /n/regal/pfister_lab/PERCEPTION/RESULTS_NEW/Figure1_Position_Common_Scale/1/RF_Image/10_10_4_2_mlp.hdf5
Freeing memory..
Prediction done!
Created stats..
Stored /n/regal/pfister_lab/PERCEPTION/RESULTS_NEW/Figure1_Position_Common_Scale/1/RF_Image/10_10_4_3_results.p
...and /n/regal/pfister_lab/PERCEPTION/RESULTS_NEW/Figure1_Position_Common_Scale/1/RF_Image/10_10_4_3_mlp.hdf5
Freeing memory..
Prediction done!
Created stats..
Stored /n/regal/pfister_lab/PERCEPTION/RESULTS_NEW/Figure1_Position_Common_Scale/1/RF_Image/10_10_4_4_results.p
...and /n/regal/pfister_lab/PERCEPTION/RESULTS_NEW/Figure1_Position_Common_Scale/1/RF_Image/10_10_4_4_mlp.hdf5
Freeing memory..
Prediction done!
Created stats..
Stored /n/regal/pfister_lab/PERCEPTION/RESULTS_NEW/Figure1_Position_Common_Scale/1/RF_Image/10_10_4_5_results.p
...and /n/regal/pfister_lab/PERCEPTION/RESULTS_NEW/Figure1_Position_Common_Scale/1/RF_Image/10_10_4_5_mlp.hdf5
Freeing memory..
Prediction done!
Created stats..
Stored /n/regal/pfister_lab/PERCEPTION/RESULTS_NEW/Figure1_Position_Common_Scale/1/RF_Image/10_10_4_6_results.p
...and /n/regal/pfister_lab/PERCEPTION/RESULTS_NEW/Figure1_Position_Common_Scale/1/RF_Image/10_10_4_6_mlp.hdf5
Freeing memory..
Prediction done!
Created stats..
Stored /n/regal/pfister_lab/PERCEPTION/RESULTS_NEW/Figure1_Position_Common_Scale/1/RF_Image/10_10_4_7_results.p
...and /n/regal/pfister_lab/PERCEPTION/RESULTS_NEW/Figure1_Position_Common_Scale/1/RF_Image/10_10_4_7_mlp.hdf5
Freeing memory..
Prediction done!
Created stats..
Stored /n/regal/pfister_lab/PERCEPTION/RESULTS_NEW/Figure1_Position_Common_Scale/1/RF_Image/10_10_4_8_results.p
...and /n/regal/pfister_lab/PERCEPTION/RESULTS_NEW/Figure1_Position_Common_Scale/1/RF_Image/10_10_4_8_mlp.hdf5
Freeing memory..
Prediction done!
Created stats..
Stored /n/regal/pfister_lab/PERCEPTION/RESULTS_NEW/Figure1_Position_Common_Scale/1/RF_Image/10_10_4_9_results.p
...and /n/regal/pfister_lab/PERCEPTION/RESULTS_NEW/Figure1_Position_Common_Scale/1/RF_Image/10_10_4_9_mlp.hdf5
Freeing memory..
Prediction done!
Created stats..
Stored /n/regal/pfister_lab/PERCEPTION/RESULTS_NEW/Figure1_Position_Common_Scale/1/RF_Image/10_10_4_10_results.p
...and /n/regal/pfister_lab/PERCEPTION/RESULTS_NEW/Figure1_Position_Common_Scale/1/RF_Image/10_10_4_10_mlp.hdf5
Freeing memory..
Prediction done!
Created stats..
Stored /n/regal/pfister_lab/PERCEPTION/RESULTS_NEW/Figure1_Position_Common_Scale/1/RF_Image/10_10_4_11_results.p
...and /n/regal/pfister_lab/PERCEPTION/RESULTS_NEW/Figure1_Position_Common_Scale/1/RF_Image/10_10_4_11_mlp.hdf5
Freeing memory..
Prediction done!
Created stats..
Stored /n/regal/pfister_lab/PERCEPTION/RESULTS_NEW/Figure1_Position_Common_Scale/1/RF_Image/10_10_4_12_results.p
...and /n/regal/pfister_lab/PERCEPTION/RESULTS_NEW/Figure1_Position_Common_Scale/1/RF_Image/10_10_4_12_mlp.hdf5
Freeing memory..
Prediction done!
Created stats..
Stored /n/regal/pfister_lab/PERCEPTION/RESULTS_NEW/Figure1_Position_Common_Scale/1/RF_Image/10_10_4_13_results.p
...and /n/regal/pfister_lab/PERCEPTION/RESULTS_NEW/Figure1_Position_Common_Scale/1/RF_Image/10_10_4_13_mlp.hdf5
Freeing memory..
Prediction done!
Created stats..
Stored /n/regal/pfister_lab/PERCEPTION/RESULTS_NEW/Figure1_Position_Common_Scale/1/RF_Image/10_10_4_14_results.p
...and /n/regal/pfister_lab/PERCEPTION/RESULTS_NEW/Figure1_Position_Common_Scale/1/RF_Image/10_10_4_14_mlp.hdf5
Freeing memory..
Prediction done!
Created stats..
Stored /n/regal/pfister_lab/PERCEPTION/RESULTS_NEW/Figure1_Position_Common_Scale/1/RF_Image/10_10_4_15_results.p
...and /n/regal/pfister_lab/PERCEPTION/RESULTS_NEW/Figure1_Position_Common_Scale/1/RF_Image/10_10_4_15_mlp.hdf5
Freeing memory..
Prediction done!
Created stats..
Stored /n/regal/pfister_lab/PERCEPTION/RESULTS_NEW/Figure1_Position_Common_Scale/1/RF_Image/10_10_4_16_results.p
...and /n/regal/pfister_lab/PERCEPTION/RESULTS_NEW/Figure1_Position_Common_Scale/1/RF_Image/10_10_4_16_mlp.hdf5
Freeing memory..
Prediction done!
Created stats..
Stored /n/regal/pfister_lab/PERCEPTION/RESULTS_NEW/Figure1_Position_Common_Scale/1/RF_Image/10_10_4_17_results.p
...and /n/regal/pfister_lab/PERCEPTION/RESULTS_NEW/Figure1_Position_Common_Scale/1/RF_Image/10_10_4_17_mlp.hdf5
Freeing memory..
Prediction done!
Created stats..
Stored /n/regal/pfister_lab/PERCEPTION/RESULTS_NEW/Figure1_Position_Common_Scale/1/RF_Image/10_10_4_18_results.p
...and /n/regal/pfister_lab/PERCEPTION/RESULTS_NEW/Figure1_Position_Common_Scale/1/RF_Image/10_10_4_18_mlp.hdf5
Freeing memory..
Prediction done!
Created stats..
Stored /n/regal/pfister_lab/PERCEPTION/RESULTS_NEW/Figure1_Position_Common_Scale/1/RF_Image/10_10_4_19_results.p
...and /n/regal/pfister_lab/PERCEPTION/RESULTS_NEW/Figure1_Position_Common_Scale/1/RF_Image/10_10_4_19_mlp.hdf5
Freeing memory..
Prediction done!
Created stats..
Stored /n/regal/pfister_lab/PERCEPTION/RESULTS_NEW/Figure1_Position_Common_Scale/1/RF_Image/10_10_4_20_results.p
...and /n/regal/pfister_lab/PERCEPTION/RESULTS_NEW/Figure1_Position_Common_Scale/1/RF_Image/10_10_4_20_mlp.hdf5
Freeing memory..
Prediction done!
Created stats..
Stored /n/regal/pfister_lab/PERCEPTION/RESULTS_NEW/Figure1_Position_Common_Scale/1/RF_Image/10_10_4_21_results.p
...and /n/regal/pfister_lab/PERCEPTION/RESULTS_NEW/Figure1_Position_Common_Scale/1/RF_Image/10_10_4_21_mlp.hdf5
Freeing memory..
Prediction done!
Created stats..
Stored /n/regal/pfister_lab/PERCEPTION/RESULTS_NEW/Figure1_Position_Common_Scale/1/RF_Image/10_10_4_22_results.p
...and /n/regal/pfister_lab/PERCEPTION/RESULTS_NEW/Figure1_Position_Common_Scale/1/RF_Image/10_10_4_22_mlp.hdf5
Freeing memory..
Prediction done!
Created stats..
Stored /n/regal/pfister_lab/PERCEPTION/RESULTS_NEW/Figure1_Position_Common_Scale/1/RF_Image/10_10_4_23_results.p
...and /n/regal/pfister_lab/PERCEPTION/RESULTS_NEW/Figure1_Position_Common_Scale/1/RF_Image/10_10_4_23_mlp.hdf5
Freeing memory..
Prediction done!
Created stats..
Stored /n/regal/pfister_lab/PERCEPTION/RESULTS_NEW/Figure1_Position_Common_Scale/1/RF_Image/10_10_4_24_results.p
...and /n/regal/pfister_lab/PERCEPTION/RESULTS_NEW/Figure1_Position_Common_Scale/1/RF_Image/10_10_4_24_mlp.hdf5
Freeing memory..
Prediction done!
Created stats..
Stored /n/regal/pfister_lab/PERCEPTION/RESULTS_NEW/Figure1_Position_Common_Scale/1/RF_Image/10_10_4_25_results.p
...and /n/regal/pfister_lab/PERCEPTION/RESULTS_NEW/Figure1_Position_Common_Scale/1/RF_Image/10_10_4_25_mlp.hdf5
Freeing memory..
Prediction done!
Created stats..
Stored /n/regal/pfister_lab/PERCEPTION/RESULTS_NEW/Figure1_Position_Common_Scale/1/RF_Image/10_10_4_26_results.p
...and /n/regal/pfister_lab/PERCEPTION/RESULTS_NEW/Figure1_Position_Common_Scale/1/RF_Image/10_10_4_26_mlp.hdf5
Freeing memory..
Prediction done!
Created stats..
Stored /n/regal/pfister_lab/PERCEPTION/RESULTS_NEW/Figure1_Position_Common_Scale/1/RF_Image/10_10_4_27_results.p
...and /n/regal/pfister_lab/PERCEPTION/RESULTS_NEW/Figure1_Position_Common_Scale/1/RF_Image/10_10_4_27_mlp.hdf5
Freeing memory..
Prediction done!
Created stats..
Stored /n/regal/pfister_lab/PERCEPTION/RESULTS_NEW/Figure1_Position_Common_Scale/1/RF_Image/10_10_4_28_results.p
...and /n/regal/pfister_lab/PERCEPTION/RESULTS_NEW/Figure1_Position_Common_Scale/1/RF_Image/10_10_4_28_mlp.hdf5
Freeing memory..
Prediction done!
Created stats..
Stored /n/regal/pfister_lab/PERCEPTION/RESULTS_NEW/Figure1_Position_Common_Scale/1/RF_Image/10_10_4_29_results.p
...and /n/regal/pfister_lab/PERCEPTION/RESULTS_NEW/Figure1_Position_Common_Scale/1/RF_Image/10_10_4_29_mlp.hdf5
Freeing memory..
Prediction done!
Created stats..
Stored /n/regal/pfister_lab/PERCEPTION/RESULTS_NEW/Figure1_Position_Common_Scale/1/RF_Image/10_10_4_30_results.p
...and /n/regal/pfister_lab/PERCEPTION/RESULTS_NEW/Figure1_Position_Common_Scale/1/RF_Image/10_10_4_30_mlp.hdf5
Freeing memory..
Prediction done!
Created stats..
Stored /n/regal/pfister_lab/PERCEPTION/RESULTS_NEW/Figure1_Position_Common_Scale/1/RF_Image/10_10_4_31_results.p
...and /n/regal/pfister_lab/PERCEPTION/RESULTS_NEW/Figure1_Position_Common_Scale/1/RF_Image/10_10_4_31_mlp.hdf5
Freeing memory..
Prediction done!
Created stats..
Stored /n/regal/pfister_lab/PERCEPTION/RESULTS_NEW/Figure1_Position_Common_Scale/1/RF_Image/10_10_4_32_results.p
...and /n/regal/pfister_lab/PERCEPTION/RESULTS_NEW/Figure1_Position_Common_Scale/1/RF_Image/10_10_4_32_mlp.hdf5
Freeing memory..
Prediction done!
Created stats..
Stored /n/regal/pfister_lab/PERCEPTION/RESULTS_NEW/Figure1_Position_Common_Scale/1/RF_Image/10_10_4_33_results.p
...and /n/regal/pfister_lab/PERCEPTION/RESULTS_NEW/Figure1_Position_Common_Scale/1/RF_Image/10_10_4_33_mlp.hdf5
Freeing memory..
Prediction done!
Created stats..
Stored /n/regal/pfister_lab/PERCEPTION/RESULTS_NEW/Figure1_Position_Common_Scale/1/RF_Image/10_10_4_34_results.p
...and /n/regal/pfister_lab/PERCEPTION/RESULTS_NEW/Figure1_Position_Common_Scale/1/RF_Image/10_10_4_34_mlp.hdf5
Freeing memory..
Prediction done!
Created stats..
Stored /n/regal/pfister_lab/PERCEPTION/RESULTS_NEW/Figure1_Position_Common_Scale/1/RF_Image/10_10_4_35_results.p
...and /n/regal/pfister_lab/PERCEPTION/RESULTS_NEW/Figure1_Position_Common_Scale/1/RF_Image/10_10_4_35_mlp.hdf5
Freeing memory..
Prediction done!
Created stats..
Stored /n/regal/pfister_lab/PERCEPTION/RESULTS_NEW/Figure1_Position_Common_Scale/1/RF_Image/10_10_4_36_results.p
...and /n/regal/pfister_lab/PERCEPTION/RESULTS_NEW/Figure1_Position_Common_Scale/1/RF_Image/10_10_4_36_mlp.hdf5
Freeing memory..
Prediction done!
Created stats..
Stored /n/regal/pfister_lab/PERCEPTION/RESULTS_NEW/Figure1_Position_Common_Scale/1/RF_Image/10_10_4_37_results.p
...and /n/regal/pfister_lab/PERCEPTION/RESULTS_NEW/Figure1_Position_Common_Scale/1/RF_Image/10_10_4_37_mlp.hdf5
Freeing memory..
Prediction done!
Created stats..
Stored /n/regal/pfister_lab/PERCEPTION/RESULTS_NEW/Figure1_Position_Common_Scale/1/RF_Image/10_10_4_38_results.p
...and /n/regal/pfister_lab/PERCEPTION/RESULTS_NEW/Figure1_Position_Common_Scale/1/RF_Image/10_10_4_38_mlp.hdf5
Freeing memory..
Prediction done!
Created stats..
Stored /n/regal/pfister_lab/PERCEPTION/RESULTS_NEW/Figure1_Position_Common_Scale/1/RF_Image/10_10_4_39_results.p
...and /n/regal/pfister_lab/PERCEPTION/RESULTS_NEW/Figure1_Position_Common_Scale/1/RF_Image/10_10_4_39_mlp.hdf5
Freeing memory..
All done!
