Using TensorFlow backend.
2018-03-02 14:43:50.095113: I tensorflow/core/platform/cpu_feature_guard.cc:137] Your CPU supports instructions that this TensorFlow binary was not compiled to use: SSE4.1 SSE4.2 AVX AVX2 FMA
2018-03-02 14:43:51.570019: I tensorflow/core/common_runtime/gpu/gpu_device.cc:1030] Found device 0 with properties: 
name: Tesla V100-SXM2-16GB major: 7 minor: 0 memoryClockRate(GHz): 1.53
pciBusID: 0000:07:00.0
totalMemory: 15.77GiB freeMemory: 15.36GiB
2018-03-02 14:43:51.570048: I tensorflow/core/common_runtime/gpu/gpu_device.cc:1120] Creating TensorFlow device (/device:GPU:0) -> (device: 0, name: Tesla V100-SXM2-16GB, pci bus id: 0000:07:00.0, compute capability: 7.0)
2018-03-02 14:54:58.877897: I tensorflow/core/common_runtime/gpu/gpu_device.cc:1120] Creating TensorFlow device (/device:GPU:0) -> (device: 0, name: Tesla V100-SXM2-16GB, pci bus id: 0000:07:00.0, compute capability: 7.0)
2018-03-02 14:58:22.013852: I tensorflow/core/common_runtime/gpu/gpu_device.cc:1120] Creating TensorFlow device (/device:GPU:0) -> (device: 0, name: Tesla V100-SXM2-16GB, pci bus id: 0000:07:00.0, compute capability: 7.0)
2018-03-02 15:01:42.659683: I tensorflow/core/common_runtime/gpu/gpu_device.cc:1120] Creating TensorFlow device (/device:GPU:0) -> (device: 0, name: Tesla V100-SXM2-16GB, pci bus id: 0000:07:00.0, compute capability: 7.0)
2018-03-02 15:05:04.906768: I tensorflow/core/common_runtime/gpu/gpu_device.cc:1120] Creating TensorFlow device (/device:GPU:0) -> (device: 0, name: Tesla V100-SXM2-16GB, pci bus id: 0000:07:00.0, compute capability: 7.0)
2018-03-02 15:08:26.197621: I tensorflow/core/common_runtime/gpu/gpu_device.cc:1120] Creating TensorFlow device (/device:GPU:0) -> (device: 0, name: Tesla V100-SXM2-16GB, pci bus id: 0000:07:00.0, compute capability: 7.0)
2018-03-02 15:11:49.996940: I tensorflow/core/common_runtime/gpu/gpu_device.cc:1120] Creating TensorFlow device (/device:GPU:0) -> (device: 0, name: Tesla V100-SXM2-16GB, pci bus id: 0000:07:00.0, compute capability: 7.0)
2018-03-02 15:15:08.146051: I tensorflow/core/common_runtime/gpu/gpu_device.cc:1120] Creating TensorFlow device (/device:GPU:0) -> (device: 0, name: Tesla V100-SXM2-16GB, pci bus id: 0000:07:00.0, compute capability: 7.0)
2018-03-02 15:18:32.879448: I tensorflow/core/common_runtime/gpu/gpu_device.cc:1120] Creating TensorFlow device (/device:GPU:0) -> (device: 0, name: Tesla V100-SXM2-16GB, pci bus id: 0000:07:00.0, compute capability: 7.0)
2018-03-02 15:21:56.011761: I tensorflow/core/common_runtime/gpu/gpu_device.cc:1120] Creating TensorFlow device (/device:GPU:0) -> (device: 0, name: Tesla V100-SXM2-16GB, pci bus id: 0000:07:00.0, compute capability: 7.0)
2018-03-02 15:25:20.093971: I tensorflow/core/common_runtime/gpu/gpu_device.cc:1120] Creating TensorFlow device (/device:GPU:0) -> (device: 0, name: Tesla V100-SXM2-16GB, pci bus id: 0000:07:00.0, compute capability: 7.0)
2018-03-02 15:28:38.758129: I tensorflow/core/common_runtime/gpu/gpu_device.cc:1120] Creating TensorFlow device (/device:GPU:0) -> (device: 0, name: Tesla V100-SXM2-16GB, pci bus id: 0000:07:00.0, compute capability: 7.0)
2018-03-02 15:31:59.883609: I tensorflow/core/common_runtime/gpu/gpu_device.cc:1120] Creating TensorFlow device (/device:GPU:0) -> (device: 0, name: Tesla V100-SXM2-16GB, pci bus id: 0000:07:00.0, compute capability: 7.0)
2018-03-02 15:35:24.032438: I tensorflow/core/common_runtime/gpu/gpu_device.cc:1120] Creating TensorFlow device (/device:GPU:0) -> (device: 0, name: Tesla V100-SXM2-16GB, pci bus id: 0000:07:00.0, compute capability: 7.0)
2018-03-02 15:38:49.946806: I tensorflow/core/common_runtime/gpu/gpu_device.cc:1120] Creating TensorFlow device (/device:GPU:0) -> (device: 0, name: Tesla V100-SXM2-16GB, pci bus id: 0000:07:00.0, compute capability: 7.0)
2018-03-02 15:42:16.069823: I tensorflow/core/common_runtime/gpu/gpu_device.cc:1120] Creating TensorFlow device (/device:GPU:0) -> (device: 0, name: Tesla V100-SXM2-16GB, pci bus id: 0000:07:00.0, compute capability: 7.0)
2018-03-02 15:45:28.298499: I tensorflow/core/common_runtime/gpu/gpu_device.cc:1120] Creating TensorFlow device (/device:GPU:0) -> (device: 0, name: Tesla V100-SXM2-16GB, pci bus id: 0000:07:00.0, compute capability: 7.0)
2018-03-02 15:54:47.305036: I tensorflow/core/common_runtime/gpu/gpu_device.cc:1120] Creating TensorFlow device (/device:GPU:0) -> (device: 0, name: Tesla V100-SXM2-16GB, pci bus id: 0000:07:00.0, compute capability: 7.0)
2018-03-02 15:58:25.127373: I tensorflow/core/common_runtime/gpu/gpu_device.cc:1120] Creating TensorFlow device (/device:GPU:0) -> (device: 0, name: Tesla V100-SXM2-16GB, pci bus id: 0000:07:00.0, compute capability: 7.0)
2018-03-02 16:01:38.736743: I tensorflow/core/common_runtime/gpu/gpu_device.cc:1120] Creating TensorFlow device (/device:GPU:0) -> (device: 0, name: Tesla V100-SXM2-16GB, pci bus id: 0000:07:00.0, compute capability: 7.0)
2018-03-02 16:04:55.806796: I tensorflow/core/common_runtime/gpu/gpu_device.cc:1120] Creating TensorFlow device (/device:GPU:0) -> (device: 0, name: Tesla V100-SXM2-16GB, pci bus id: 0000:07:00.0, compute capability: 7.0)
2018-03-02 16:14:37.339087: I tensorflow/core/common_runtime/gpu/gpu_device.cc:1120] Creating TensorFlow device (/device:GPU:0) -> (device: 0, name: Tesla V100-SXM2-16GB, pci bus id: 0000:07:00.0, compute capability: 7.0)
2018-03-02 16:17:58.403545: I tensorflow/core/common_runtime/gpu/gpu_device.cc:1120] Creating TensorFlow device (/device:GPU:0) -> (device: 0, name: Tesla V100-SXM2-16GB, pci bus id: 0000:07:00.0, compute capability: 7.0)
2018-03-02 16:21:39.220008: I tensorflow/core/common_runtime/gpu/gpu_device.cc:1120] Creating TensorFlow device (/device:GPU:0) -> (device: 0, name: Tesla V100-SXM2-16GB, pci bus id: 0000:07:00.0, compute capability: 7.0)
2018-03-02 16:24:54.460509: I tensorflow/core/common_runtime/gpu/gpu_device.cc:1120] Creating TensorFlow device (/device:GPU:0) -> (device: 0, name: Tesla V100-SXM2-16GB, pci bus id: 0000:07:00.0, compute capability: 7.0)
2018-03-02 16:28:04.044125: I tensorflow/core/common_runtime/gpu/gpu_device.cc:1120] Creating TensorFlow device (/device:GPU:0) -> (device: 0, name: Tesla V100-SXM2-16GB, pci bus id: 0000:07:00.0, compute capability: 7.0)
2018-03-02 16:31:26.569880: I tensorflow/core/common_runtime/gpu/gpu_device.cc:1120] Creating TensorFlow device (/device:GPU:0) -> (device: 0, name: Tesla V100-SXM2-16GB, pci bus id: 0000:07:00.0, compute capability: 7.0)
2018-03-02 16:34:40.426909: I tensorflow/core/common_runtime/gpu/gpu_device.cc:1120] Creating TensorFlow device (/device:GPU:0) -> (device: 0, name: Tesla V100-SXM2-16GB, pci bus id: 0000:07:00.0, compute capability: 7.0)
2018-03-02 16:37:50.392814: I tensorflow/core/common_runtime/gpu/gpu_device.cc:1120] Creating TensorFlow device (/device:GPU:0) -> (device: 0, name: Tesla V100-SXM2-16GB, pci bus id: 0000:07:00.0, compute capability: 7.0)
2018-03-02 16:40:58.093025: I tensorflow/core/common_runtime/gpu/gpu_device.cc:1120] Creating TensorFlow device (/device:GPU:0) -> (device: 0, name: Tesla V100-SXM2-16GB, pci bus id: 0000:07:00.0, compute capability: 7.0)
2018-03-02 16:44:12.726662: I tensorflow/core/common_runtime/gpu/gpu_device.cc:1120] Creating TensorFlow device (/device:GPU:0) -> (device: 0, name: Tesla V100-SXM2-16GB, pci bus id: 0000:07:00.0, compute capability: 7.0)
2018-03-02 16:47:19.785238: I tensorflow/core/common_runtime/gpu/gpu_device.cc:1120] Creating TensorFlow device (/device:GPU:0) -> (device: 0, name: Tesla V100-SXM2-16GB, pci bus id: 0000:07:00.0, compute capability: 7.0)
2018-03-02 16:50:25.948522: I tensorflow/core/common_runtime/gpu/gpu_device.cc:1120] Creating TensorFlow device (/device:GPU:0) -> (device: 0, name: Tesla V100-SXM2-16GB, pci bus id: 0000:07:00.0, compute capability: 7.0)
2018-03-02 16:53:37.916710: I tensorflow/core/common_runtime/gpu/gpu_device.cc:1120] Creating TensorFlow device (/device:GPU:0) -> (device: 0, name: Tesla V100-SXM2-16GB, pci bus id: 0000:07:00.0, compute capability: 7.0)
2018-03-02 16:57:11.972224: I tensorflow/core/common_runtime/gpu/gpu_device.cc:1120] Creating TensorFlow device (/device:GPU:0) -> (device: 0, name: Tesla V100-SXM2-16GB, pci bus id: 0000:07:00.0, compute capability: 7.0)
2018-03-02 17:00:46.779112: I tensorflow/core/common_runtime/gpu/gpu_device.cc:1120] Creating TensorFlow device (/device:GPU:0) -> (device: 0, name: Tesla V100-SXM2-16GB, pci bus id: 0000:07:00.0, compute capability: 7.0)
2018-03-02 17:04:28.806291: I tensorflow/core/common_runtime/gpu/gpu_device.cc:1120] Creating TensorFlow device (/device:GPU:0) -> (device: 0, name: Tesla V100-SXM2-16GB, pci bus id: 0000:07:00.0, compute capability: 7.0)
2018-03-02 17:07:59.831662: I tensorflow/core/common_runtime/gpu/gpu_device.cc:1120] Creating TensorFlow device (/device:GPU:0) -> (device: 0, name: Tesla V100-SXM2-16GB, pci bus id: 0000:07:00.0, compute capability: 7.0)
2018-03-02 17:11:22.917298: I tensorflow/core/common_runtime/gpu/gpu_device.cc:1120] Creating TensorFlow device (/device:GPU:0) -> (device: 0, name: Tesla V100-SXM2-16GB, pci bus id: 0000:07:00.0, compute capability: 7.0)
2018-03-02 17:21:22.906759: I tensorflow/core/common_runtime/gpu/gpu_device.cc:1120] Creating TensorFlow device (/device:GPU:0) -> (device: 0, name: Tesla V100-SXM2-16GB, pci bus id: 0000:07:00.0, compute capability: 7.0)
