\BOOKMARK [1][]{section.2}{Introduction}{}% 1
\BOOKMARK [1][]{section.5}{Previous Work}{}% 2
\BOOKMARK [1][]{section.6}{Experimental Setup}{}% 3
\BOOKMARK [2][]{subsection.7}{Measures}{section.6}% 4
\BOOKMARK [2][]{subsection.9}{Classifiers}{section.6}% 5
\BOOKMARK [2][]{subsection.12}{Data}{section.6}% 6
\BOOKMARK [1][]{section.13}{Elementary Perceptual Tasks}{}% 7
\BOOKMARK [2][]{subsection.14}{Parametrizations}{section.13}% 8
\BOOKMARK [2][]{subsection.17}{Hypotheses}{section.13}% 9
\BOOKMARK [1][]{section.18}{Position-Angle Experiment}{}% 10
\BOOKMARK [2][]{subsection.20}{Hypotheses}{section.18}% 11
\BOOKMARK [1][]{section.21}{Position-Length Experiment}{}% 12
\BOOKMARK [2][]{subsection.22}{Hypotheses}{section.21}% 13
\BOOKMARK [2][]{subsection.24}{Discussion}{section.21}% 14
\BOOKMARK [1][]{section.25}{Bars and Framed Rectangles Experiment}{}% 15
\BOOKMARK [2][]{subsection.26}{Hypotheses}{section.25}% 16
\BOOKMARK [2][]{subsection.28}{Weber-Fechner's Law}{section.25}% 17
\BOOKMARK [1][]{section.30}{Results and Discussion}{}% 18
\BOOKMARK [2][]{subsection.31}{Elementary Perceptual Tasks}{section.30}% 19
\BOOKMARK [2][]{subsection.41}{Position-Angle Experiment}{section.30}% 20
\BOOKMARK [2][]{subsection.44}{Position-Length Experiment}{section.30}% 21
\BOOKMARK [2][]{subsection.46}{Bars and Framed Rectangles Experiment}{section.30}% 22
\BOOKMARK [1][]{section.48}{Conclusions}{}% 23
