\BOOKMARK [1][]{section.2}{Introduction}{}% 1
\BOOKMARK [2][]{subsection.4}{Biological Vision}{section.2}% 2
\BOOKMARK [1][]{section.6}{Previous Work}{}% 3
\BOOKMARK [1][]{section.7}{Experimental Setup}{}% 4
\BOOKMARK [2][]{subsection.8}{Measures}{section.7}% 5
\BOOKMARK [2][]{subsection.10}{Classifiers}{section.7}% 6
\BOOKMARK [2][]{subsection.13}{Data}{section.7}% 7
\BOOKMARK [1][]{section.14}{Elementary Perceptual Tasks}{}% 8
\BOOKMARK [2][]{subsection.15}{Parametrizations}{section.14}% 9
\BOOKMARK [2][]{subsection.18}{Hypotheses}{section.14}% 10
\BOOKMARK [1][]{section.19}{Position-Angle Experiment}{}% 11
\BOOKMARK [2][]{subsection.21}{Hypotheses}{section.19}% 12
\BOOKMARK [1][]{section.22}{Position-Length Experiment}{}% 13
\BOOKMARK [2][]{subsection.23}{Hypotheses}{section.22}% 14
\BOOKMARK [1][]{section.25}{Bars and Framed Rectangles Experiment}{}% 15
\BOOKMARK [2][]{subsection.26}{Hypotheses}{section.25}% 16
\BOOKMARK [2][]{subsection.28}{Weber-Fechner's Law}{section.25}% 17
\BOOKMARK [1][]{section.30}{Results and Discussion}{}% 18
\BOOKMARK [2][]{subsection.31}{Elementary Perceptual Tasks}{section.30}% 19
\BOOKMARK [2][]{subsection.40}{Position-Angle Experiment}{section.30}% 20
\BOOKMARK [2][]{subsection.43}{Position-Length Experiment}{section.30}% 21
\BOOKMARK [2][]{subsection.44}{Bars and Framed Rectangles Experiment}{section.30}% 22
\BOOKMARK [1][]{section.46}{Conclusions}{}% 23
